<?xml version="1.0" encoding="UTF-8"?>
<!-- Generated by org.testng.reporters.JUnitXMLReporter -->
<testsuite hostname="DESKTOP-3EINJNF" ignored="8" name="Test" tests="6" failures="0" timestamp="2020-05-23T18:37:25 BST" time="235.72" errors="0">
  <testcase name="Nav2ContactUsPage" time="43.922" classname="com.org.automationpractice.myECommerceProject.CheckoutScenario_End2End_GuestCustomer_PayByBank"/>
  <testcase name="Nav2ContactUsPage" time="44.538" classname="com.org.automationpractice.myECommerceProject.CheckoutScenario_End2End_GuestCustomer_PayByCheck"/>
  <testcase name="CustomerDataGenerationInExcel" time="0.734" classname="MyAccount.TC00_GenerateCustomerDatInExcel"/>
  <testcase name="CustomerRegistration" time="30.898" classname="MyAccount.TC02_CustomerRegistration"/>
  <testcase name="Nav2ContactUsPage" time="32.128" classname="com.org.automationpractice.myECommerceProject.CheckoutScenario_End2End_RegisteredCustomer_PayByCheck"/>
  <testcase name="Nav2ContactUsPage" time="35.184" classname="com.org.automationpractice.myECommerceProject.CheckoutScenario_End2End_RegisteredCustomer_PayByBank"/>
  <testcase name="@AfterSuite endReport" time="0.0" classname="BaseScripts.ReportBase">
    <ignored/>
  </testcase> <!-- @AfterSuite endReport -->
  <testcase name="@AfterSuite endReport" time="0.0" classname="BaseScripts.ReportBase">
    <ignored/>
  </testcase> <!-- @AfterSuite endReport -->
  <testcase name="@AfterSuite endReport" time="0.0" classname="BaseScripts.ReportBase">
    <ignored/>
  </testcase> <!-- @AfterSuite endReport -->
  <testcase name="@AfterSuite endReport" time="0.0" classname="BaseScripts.ReportBase">
    <ignored/>
  </testcase> <!-- @AfterSuite endReport -->
  <testcase name="@BeforeSuite setExtent" time="0.0" classname="BaseScripts.ReportBase">
    <ignored/>
  </testcase> <!-- @BeforeSuite setExtent -->
  <testcase name="@BeforeSuite setExtent" time="0.0" classname="BaseScripts.ReportBase">
    <ignored/>
  </testcase> <!-- @BeforeSuite setExtent -->
  <testcase name="@BeforeSuite setExtent" time="0.0" classname="BaseScripts.ReportBase">
    <ignored/>
  </testcase> <!-- @BeforeSuite setExtent -->
  <testcase name="@BeforeSuite setExtent" time="0.0" classname="BaseScripts.ReportBase">
    <ignored/>
  </testcase> <!-- @BeforeSuite setExtent -->
</testsuite> <!-- Test -->
