<?xml version="1.0" encoding="UTF-8"?>
<!-- Generated by org.testng.reporters.JUnitXMLReporter -->
<testsuite hostname="DESKTOP-3EINJNF" ignored="8" name="ParallelTests" tests="10" failures="0" timestamp="2020-05-21T17:06:33 BST" time="171.396" errors="0">
  <testcase name="MYAddresses_SignInUser" time="16.455" classname="com.org.automationpractice.myECommerceProject.TC10_SignIn_MyAddressesFunctionality_DefaultRecord"/>
  <testcase name="FinalChecks" time="6.924" classname="com.org.automationpractice.myECommerceProject.TC10_SignIn_MyAddressesFunctionality_DefaultRecord"/>
  <testcase name="MyCreditSlips_SignInUser" time="15.689" classname="com.org.automationpractice.myECommerceProject.TC09_SignIn_MyCreditSlipsFunctionality_NoRecords"/>
  <testcase name="FinalChecks" time="7.131" classname="com.org.automationpractice.myECommerceProject.TC09_SignIn_MyCreditSlipsFunctionality_NoRecords"/>
  <testcase name="MyWishList_SignInUser" time="17.727" classname="com.org.automationpractice.myECommerceProject.TC12_SingIn_MyWishListFunctionality_NoRecords"/>
  <testcase name="FinalChecks" time="6.847" classname="com.org.automationpractice.myECommerceProject.TC12_SingIn_MyWishListFunctionality_NoRecords"/>
  <testcase name="OrderHistory_SignInUser" time="16.031" classname="com.org.automationpractice.myECommerceProject.TC08_SingIn_CheckOrderHistoryFunctionality_NoRecords"/>
  <testcase name="FinalChecks" time="9.385" classname="com.org.automationpractice.myECommerceProject.TC08_SingIn_CheckOrderHistoryFunctionality_NoRecords"/>
  <testcase name="ViewPersonalInfo_SignInUser" time="18.165" classname="com.org.automationpractice.myECommerceProject.TC11_SingIn_ViewPersonalInfoFunctionality_DefaultRecordInfo"/>
  <testcase name="FinalChecks" time="8.648" classname="com.org.automationpractice.myECommerceProject.TC11_SingIn_ViewPersonalInfoFunctionality_DefaultRecordInfo"/>
  <testcase name="@AfterSuite endReport" time="0.0" classname="BaseScripts.ReportBase">
    <ignored/>
  </testcase> <!-- @AfterSuite endReport -->
  <testcase name="@AfterSuite endReport" time="0.0" classname="BaseScripts.ReportBase">
    <ignored/>
  </testcase> <!-- @AfterSuite endReport -->
  <testcase name="@AfterSuite endReport" time="0.0" classname="BaseScripts.ReportBase">
    <ignored/>
  </testcase> <!-- @AfterSuite endReport -->
  <testcase name="@AfterSuite endReport" time="0.0" classname="BaseScripts.ReportBase">
    <ignored/>
  </testcase> <!-- @AfterSuite endReport -->
  <testcase name="@BeforeSuite setExtent" time="0.0" classname="BaseScripts.ReportBase">
    <ignored/>
  </testcase> <!-- @BeforeSuite setExtent -->
  <testcase name="@BeforeSuite setExtent" time="0.0" classname="BaseScripts.ReportBase">
    <ignored/>
  </testcase> <!-- @BeforeSuite setExtent -->
  <testcase name="@BeforeSuite setExtent" time="0.0" classname="BaseScripts.ReportBase">
    <ignored/>
  </testcase> <!-- @BeforeSuite setExtent -->
  <testcase name="@BeforeSuite setExtent" time="0.0" classname="BaseScripts.ReportBase">
    <ignored/>
  </testcase> <!-- @BeforeSuite setExtent -->
</testsuite> <!-- ParallelTests -->
